Time resolution is 1 ps
Note: Clock Cycle: 0 | cnt = 000 | Y = '0'
Time: 15 ns  Iteration: 1  Process: /tb_T_FF_cnt_dongbo_7/stim_proc  File: D:/Vivado/Source/mach_coban/mach_coban.srcs/sim_1/new/tb_T_FF_cnt_dongbo_7.vhd
Note: Clock Cycle: 1 | cnt = 000 | Y = '0'
Time: 25 ns  Iteration: 1  Process: /tb_T_FF_cnt_dongbo_7/stim_proc  File: D:/Vivado/Source/mach_coban/mach_coban.srcs/sim_1/new/tb_T_FF_cnt_dongbo_7.vhd
Note: Clock Cycle: 2 | cnt = 000 | Y = '0'
Time: 35 ns  Iteration: 1  Process: /tb_T_FF_cnt_dongbo_7/stim_proc  File: D:/Vivado/Source/mach_coban/mach_coban.srcs/sim_1/new/tb_T_FF_cnt_dongbo_7.vhd
Note: Clock Cycle: 3 | cnt = 000 | Y = '0'
Time: 45 ns  Iteration: 1  Process: /tb_T_FF_cnt_dongbo_7/stim_proc  File: D:/Vivado/Source/mach_coban/mach_coban.srcs/sim_1/new/tb_T_FF_cnt_dongbo_7.vhd
Note: Clock Cycle: 4 | cnt = 000 | Y = '0'
Time: 55 ns  Iteration: 1  Process: /tb_T_FF_cnt_dongbo_7/stim_proc  File: D:/Vivado/Source/mach_coban/mach_coban.srcs/sim_1/new/tb_T_FF_cnt_dongbo_7.vhd
Note: Clock Cycle: 5 | cnt = 000 | Y = '0'
Time: 65 ns  Iteration: 1  Process: /tb_T_FF_cnt_dongbo_7/stim_proc  File: D:/Vivado/Source/mach_coban/mach_coban.srcs/sim_1/new/tb_T_FF_cnt_dongbo_7.vhd
Note: Clock Cycle: 6 | cnt = 000 | Y = '0'
Time: 75 ns  Iteration: 1  Process: /tb_T_FF_cnt_dongbo_7/stim_proc  File: D:/Vivado/Source/mach_coban/mach_coban.srcs/sim_1/new/tb_T_FF_cnt_dongbo_7.vhd
Note: Clock Cycle: 7 | cnt = 000 | Y = '0'
Time: 85 ns  Iteration: 1  Process: /tb_T_FF_cnt_dongbo_7/stim_proc  File: D:/Vivado/Source/mach_coban/mach_coban.srcs/sim_1/new/tb_T_FF_cnt_dongbo_7.vhd
Note: Clock Cycle: 8 | cnt = 000 | Y = '0'
Time: 95 ns  Iteration: 1  Process: /tb_T_FF_cnt_dongbo_7/stim_proc  File: D:/Vivado/Source/mach_coban/mach_coban.srcs/sim_1/new/tb_T_FF_cnt_dongbo_7.vhd
Note: Clock Cycle: 9 | cnt = 000 | Y = '0'
Time: 105 ns  Iteration: 1  Process: /tb_T_FF_cnt_dongbo_7/stim_proc  File: D:/Vivado/Source/mach_coban/mach_coban.srcs/sim_1/new/tb_T_FF_cnt_dongbo_7.vhd
Note: Clock Cycle: 10 | cnt = 000 | Y = '0'
Time: 115 ns  Iteration: 1  Process: /tb_T_FF_cnt_dongbo_7/stim_proc  File: D:/Vivado/Source/mach_coban/mach_coban.srcs/sim_1/new/tb_T_FF_cnt_dongbo_7.vhd
Note: Clock Cycle: 11 | cnt = 000 | Y = '0'
Time: 125 ns  Iteration: 1  Process: /tb_T_FF_cnt_dongbo_7/stim_proc  File: D:/Vivado/Source/mach_coban/mach_coban.srcs/sim_1/new/tb_T_FF_cnt_dongbo_7.vhd
Note: Clock Cycle: 12 | cnt = 000 | Y = '0'
Time: 135 ns  Iteration: 1  Process: /tb_T_FF_cnt_dongbo_7/stim_proc  File: D:/Vivado/Source/mach_coban/mach_coban.srcs/sim_1/new/tb_T_FF_cnt_dongbo_7.vhd
Note: Clock Cycle: 13 | cnt = 000 | Y = '0'
Time: 145 ns  Iteration: 1  Process: /tb_T_FF_cnt_dongbo_7/stim_proc  File: D:/Vivado/Source/mach_coban/mach_coban.srcs/sim_1/new/tb_T_FF_cnt_dongbo_7.vhd
Note: Clock Cycle: 14 | cnt = 000 | Y = '0'
Time: 155 ns  Iteration: 1  Process: /tb_T_FF_cnt_dongbo_7/stim_proc  File: D:/Vivado/Source/mach_coban/mach_coban.srcs/sim_1/new/tb_T_FF_cnt_dongbo_7.vhd
Note: Clock Cycle: 15 | cnt = 000 | Y = '0'
Time: 165 ns  Iteration: 1  Process: /tb_T_FF_cnt_dongbo_7/stim_proc  File: D:/Vivado/Source/mach_coban/mach_coban.srcs/sim_1/new/tb_T_FF_cnt_dongbo_7.vhd
Note: Testbench ok
Time: 165 ns  Iteration: 1  Process: /tb_T_FF_cnt_dongbo_7/stim_proc  File: D:/Vivado/Source/mach_coban/mach_coban.srcs/sim_1/new/tb_T_FF_cnt_dongbo_7.vhd
$stop called at time : 165 ns : File "D:/Vivado/Source/mach_coban/mach_coban.srcs/sim_1/new/tb_T_FF_cnt_dongbo_7.vhd" Line 93
